{
  "RSpec": {
    "coverage": {
      "/Users/bapusethi/Library/Mobile Documents/com~apple~CloudDocs/graph/lib/graph.rb": [
        1,
        1,
        1,
        1,
        1,
        1,
        1,
        null,
        1,
        1,
        11,
        null,
        null,
        1,
        0,
        null,
        null
      ],
      "/Users/bapusethi/Library/Mobile Documents/com~apple~CloudDocs/graph/lib/inmemory/node.rb": [
        1,
        1,
        1,
        1,
        null,
        1,
        36,
        36,
        36,
        36,
        null,
        null,
        null
      ],
      "/Users/bapusethi/Library/Mobile Documents/com~apple~CloudDocs/graph/lib/inmemory/edge.rb": [
        1,
        1,
        1,
        1,
        null,
        1,
        0,
        0,
        0,
        0,
        null,
        null,
        null
      ],
      "/Users/bapusethi/Library/Mobile Documents/com~apple~CloudDocs/graph/lib/inmemory/connection.rb": [
        1,
        1,
        1,
        1,
        66,
        66,
        null,
        null,
        null
      ],
      "/Users/bapusethi/Library/Mobile Documents/com~apple~CloudDocs/graph/lib/inmemory/adjacent_list.rb": [
        1,
        1,
        1,
        1,
        36,
        36,
        null,
        null,
        null
      ],
      "/Users/bapusethi/Library/Mobile Documents/com~apple~CloudDocs/graph/lib/inmemory/graph.rb": [
        1,
        1,
        1,
        6,
        null,
        null,
        1,
        1,
        null,
        null,
        1,
        1,
        null,
        null,
        1,
        2,
        null,
        null,
        1,
        3,
        null,
        null,
        1,
        null,
        1,
        1,
        1,
        6,
        11,
        null,
        null,
        1,
        null,
        null,
        1,
        1,
        1,
        6,
        11,
        null,
        null,
        1,
        null,
        null,
        1,
        3,
        10,
        null,
        null,
        null,
        null
      ],
      "/Users/bapusethi/Library/Mobile Documents/com~apple~CloudDocs/graph/lib/active_record/connection.rb": [
        null,
        null,
        1,
        null,
        1,
        null,
        null,
        null,
        null,
        1,
        1,
        1,
        11,
        null,
        null,
        1,
        1,
        6,
        null,
        1,
        null,
        null,
        1,
        null,
        1,
        6,
        11,
        null,
        null,
        null,
        null
      ],
      "/Users/bapusethi/Library/Mobile Documents/com~apple~CloudDocs/graph/lib/configuration.rb": [
        1,
        1,
        1,
        null,
        null
      ],
      "/Users/bapusethi/Library/Mobile Documents/com~apple~CloudDocs/graph/spec/support/shared.rb": [
        1,
        1,
        5,
        null,
        null,
        null,
        null,
        1,
        0,
        null,
        null,
        null,
        null,
        null,
        null,
        null,
        6,
        6,
        6,
        6,
        6,
        6,
        null,
        1,
        null,
        5,
        null,
        null,
        null,
        null,
        null,
        null,
        null,
        null
      ],
      "/Users/bapusethi/Library/Mobile Documents/com~apple~CloudDocs/graph/spec/support/db_shared.rb": [
        1,
        null,
        null,
        1,
        null,
        null,
        1,
        1,
        1,
        null,
        null
      ],
      "/Users/bapusethi/Library/Mobile Documents/com~apple~CloudDocs/graph/spec/active_record/active_record_connection.rb": [
        1,
        1,
        null,
        null,
        1,
        null,
        null,
        null
      ],
      "/Users/bapusethi/Library/Mobile Documents/com~apple~CloudDocs/graph/spec/inmemory/graph_spec.rb": [
        1,
        null,
        1,
        1,
        6,
        2,
        2,
        null,
        2,
        2,
        null,
        2,
        null
      ]
    },
    "timestamp": 1501924811
  }
}
